<?xml version="1.0" encoding="UTF-8" ?>
<testsuite failures="0" time="0.061" errors="0" skipped="0" tests="5" name="at.edu.c02.calculator.logic.CalculatorTest">
  <properties>
    <property name="java.runtime.name" value="Java(TM) SE Runtime Environment"/>
    <property name="sun.boot.library.path" value="/System/Library/Java/JavaVirtualMachines/1.6.0.jdk/Contents/Libraries"/>
    <property name="java.vm.version" value="20.4-b02-402"/>
    <property name="awt.nativeDoubleBuffering" value="true"/>
    <property name="gopherProxySet" value="false"/>
    <property name="mrj.build" value="10M3527"/>
    <property name="java.vm.vendor" value="Apple Inc."/>
    <property name="java.vendor.url" value="http://www.apple.com/"/>
    <property name="path.separator" value=":"/>
    <property name="java.vm.name" value="Java HotSpot(TM) 64-Bit Server VM"/>
    <property name="file.encoding.pkg" value="sun.io"/>
    <property name="user.country" value="DE"/>
    <property name="sun.java.launcher" value="SUN_STANDARD"/>
    <property name="sun.os.patch.level" value="unknown"/>
    <property name="java.vm.specification.name" value="Java Virtual Machine Specification"/>
    <property name="user.dir" value="/users/fliess/Documents/work/fh/ws-2013-2014/SQA/workspaces/StackCalc"/>
    <property name="java.runtime.version" value="1.6.0_29-b11-402-10M3527"/>
    <property name="java.awt.graphicsenv" value="apple.awt.CGraphicsEnvironment"/>
    <property name="basedir" value="/users/fliess/Documents/work/fh/ws-2013-2014/SQA/workspaces/StackCalc"/>
    <property name="java.endorsed.dirs" value="/System/Library/Java/JavaVirtualMachines/1.6.0.jdk/Contents/Home/lib/endorsed"/>
    <property name="os.arch" value="x86_64"/>
    <property name="surefire.real.class.path" value="/users/fliess/Documents/work/fh/ws-2013-2014/SQA/workspaces/StackCalc/target/surefire/surefirebooter6496698248610862143.jar"/>
    <property name="java.io.tmpdir" value="/var/folders/LZ/LZP4LufIFwKYnNdDM12FlE+++TM/-Tmp-/"/>
    <property name="line.separator" value="
"/>
    <property name="java.vm.specification.vendor" value="Sun Microsystems Inc."/>
    <property name="os.name" value="Mac OS X"/>
    <property name="sun.jnu.encoding" value="MacRoman"/>
    <property name="java.library.path" value=".:/Library/Java/Extensions:/System/Library/Java/Extensions:/usr/lib/java"/>
    <property name="surefire.test.class.path" value="/users/fliess/Documents/work/fh/ws-2013-2014/SQA/workspaces/StackCalc/target/test-classes:/users/fliess/Documents/work/fh/ws-2013-2014/SQA/workspaces/StackCalc/target/classes:/Users/fliess/.m2/repository/junit/junit/4.8.1/junit-4.8.1.jar:/Users/fliess/.m2/repository/org/mockito/mockito-all/1.8.4/mockito-all-1.8.4.jar:"/>
    <property name="java.specification.name" value="Java Platform API Specification"/>
    <property name="java.class.version" value="50.0"/>
    <property name="sun.management.compiler" value="HotSpot 64-Bit Tiered Compilers"/>
    <property name="os.version" value="10.6.8"/>
    <property name="http.nonProxyHosts" value="local|*.local|169.254/16|*.169.254/16"/>
    <property name="user.home" value="/Users/fliess"/>
    <property name="user.timezone" value=""/>
    <property name="java.awt.printerjob" value="apple.awt.CPrinterJob"/>
    <property name="java.specification.version" value="1.6"/>
    <property name="file.encoding" value="MacRoman"/>
    <property name="user.name" value="fliess"/>
    <property name="java.class.path" value="/users/fliess/Documents/work/fh/ws-2013-2014/SQA/workspaces/StackCalc/target/test-classes:/users/fliess/Documents/work/fh/ws-2013-2014/SQA/workspaces/StackCalc/target/classes:/Users/fliess/.m2/repository/junit/junit/4.8.1/junit-4.8.1.jar:/Users/fliess/.m2/repository/org/mockito/mockito-all/1.8.4/mockito-all-1.8.4.jar:"/>
    <property name="java.vm.specification.version" value="1.0"/>
    <property name="sun.arch.data.model" value="64"/>
    <property name="java.home" value="/System/Library/Java/JavaVirtualMachines/1.6.0.jdk/Contents/Home"/>
    <property name="sun.java.command" value="/users/fliess/Documents/work/fh/ws-2013-2014/SQA/workspaces/StackCalc/target/surefire/surefirebooter6496698248610862143.jar /users/fliess/Documents/work/fh/ws-2013-2014/SQA/workspaces/StackCalc/target/surefire/surefire2512893492953225149tmp /users/fliess/Documents/work/fh/ws-2013-2014/SQA/workspaces/StackCalc/target/surefire/surefire5907086983253988152tmp"/>
    <property name="java.specification.vendor" value="Sun Microsystems Inc."/>
    <property name="user.language" value="de"/>
    <property name="awt.toolkit" value="apple.awt.CToolkit"/>
    <property name="java.vm.info" value="mixed mode"/>
    <property name="java.version" value="1.6.0_29"/>
    <property name="java.ext.dirs" value="/Library/Java/Extensions:/System/Library/Java/Extensions:/System/Library/Java/JavaVirtualMachines/1.6.0.jdk/Contents/Home/lib/ext"/>
    <property name="sun.boot.class.path" value="/System/Library/Java/JavaVirtualMachines/1.6.0.jdk/Contents/Classes/jsfd.jar:/System/Library/Java/JavaVirtualMachines/1.6.0.jdk/Contents/Classes/classes.jar:/System/Library/Frameworks/JavaVM.framework/Frameworks/JavaRuntimeSupport.framework/Resources/Java/JavaRuntimeSupport.jar:/System/Library/Java/JavaVirtualMachines/1.6.0.jdk/Contents/Classes/ui.jar:/System/Library/Java/JavaVirtualMachines/1.6.0.jdk/Contents/Classes/laf.jar:/System/Library/Java/JavaVirtualMachines/1.6.0.jdk/Contents/Classes/sunrsasign.jar:/System/Library/Java/JavaVirtualMachines/1.6.0.jdk/Contents/Classes/jsse.jar:/System/Library/Java/JavaVirtualMachines/1.6.0.jdk/Contents/Classes/jce.jar:/System/Library/Java/JavaVirtualMachines/1.6.0.jdk/Contents/Classes/charsets.jar"/>
    <property name="java.vendor" value="Apple Inc."/>
    <property name="localRepository" value="/Users/fliess/.m2/repository"/>
    <property name="file.separator" value="/"/>
    <property name="java.vendor.url.bug" value="http://bugreport.apple.com/"/>
    <property name="sun.cpu.endian" value="little"/>
    <property name="sun.io.unicode.encoding" value="UnicodeLittle"/>
    <property name="mrj.version" value="1060.1.6.0_29-402"/>
    <property name="socksNonProxyHosts" value="local|*.local|169.254/16|*.169.254/16"/>
    <property name="ftp.nonProxyHosts" value="local|*.local|169.254/16|*.169.254/16"/>
    <property name="sun.cpu.isalist" value=""/>
  </properties>
  <testcase time="0.004" classname="at.edu.c02.calculator.logic.CalculatorTest" name="testSimpleAddOperation"/>
  <testcase time="0" classname="at.edu.c02.calculator.logic.CalculatorTest" name="testSimpleMulOperation"/>
  <testcase time="0.001" classname="at.edu.c02.calculator.logic.CalculatorTest" name="testSimpleDivOperation"/>
  <testcase time="0" classname="at.edu.c02.calculator.logic.CalculatorTest" name="testPopOnEmptyStack"/>
  <testcase time="0" classname="at.edu.c02.calculator.logic.CalculatorTest" name="testDivisionByZero"/>
</testsuite>